<?xml version="1.0" encoding="UTF-8"?>
<!-- Generated by org.testng.reporters.JUnitXMLReporter -->
<testsuite hostname="DESKTOP-AN1HL9O" failures="12" tests="13" name="Test2" time="142.671" errors="0" timestamp="2 Aug 2020 10:36:40 GMT">
  <testcase classname="com.hybdrivenframeworkexampleV1.testcases.TC_HybDrivenFrameworkExampleV1_001" name="loginTest" time="11.581">
    <failure type="java.lang.AssertionError" message="expected [true] but found [false]">
      <![CDATA[java.lang.AssertionError: expected [true] but found [false]
	at com.hybdrivenframeworkexampleV1.testcases.TC_HybDrivenFrameworkExampleV1_001.loginTest(TC_HybDrivenFrameworkExampleV1_001.java:36)
... Removed 29 stack frames]]>
    </failure>
  </testcase> <!-- loginTest -->
  <testcase classname="com.hybdrivenframeworkexampleV1.testcases.TC_loginDDT_002" name="loginTest" time="17.904"/>
  <testcase classname="com.hybdrivenframeworkexampleV1.testcases.TC_loginDDT_002" name="loginTest" time="7.118">
    <failure type="java.lang.AssertionError" message="expected [true] but found [false]">
      <![CDATA[java.lang.AssertionError: expected [true] but found [false]
	at com.hybdrivenframeworkexampleV1.testcases.TC_loginDDT_002.loginTest(TC_loginDDT_002.java:38)
... Removed 29 stack frames]]>
    </failure>
  </testcase> <!-- loginTest -->
  <testcase classname="com.hybdrivenframeworkexampleV1.testcases.TC_loginDDT_002" name="loginTest" time="7.128">
    <failure type="java.lang.AssertionError" message="expected [true] but found [false]">
      <![CDATA[java.lang.AssertionError: expected [true] but found [false]
	at com.hybdrivenframeworkexampleV1.testcases.TC_loginDDT_002.loginTest(TC_loginDDT_002.java:38)
... Removed 29 stack frames]]>
    </failure>
  </testcase> <!-- loginTest -->
  <testcase classname="com.hybdrivenframeworkexampleV1.testcases.TC_loginDDT_002" name="loginTest" time="8.109">
    <failure type="java.lang.AssertionError" message="expected [true] but found [false]">
      <![CDATA[java.lang.AssertionError: expected [true] but found [false]
	at com.hybdrivenframeworkexampleV1.testcases.TC_loginDDT_002.loginTest(TC_loginDDT_002.java:38)
... Removed 29 stack frames]]>
    </failure>
  </testcase> <!-- loginTest -->
  <testcase classname="com.hybdrivenframeworkexampleV1.testcases.TC_loginDDT_002" name="loginTest" time="7.171">
    <failure type="java.lang.AssertionError" message="expected [true] but found [false]">
      <![CDATA[java.lang.AssertionError: expected [true] but found [false]
	at com.hybdrivenframeworkexampleV1.testcases.TC_loginDDT_002.loginTest(TC_loginDDT_002.java:38)
... Removed 28 stack frames]]>
    </failure>
  </testcase> <!-- loginTest -->
  <testcase classname="com.hybdrivenframeworkexampleV1.testcases.TC_loginDDT_002" name="loginTest" time="7.07">
    <failure type="java.lang.AssertionError" message="expected [true] but found [false]">
      <![CDATA[java.lang.AssertionError: expected [true] but found [false]
	at com.hybdrivenframeworkexampleV1.testcases.TC_loginDDT_002.loginTest(TC_loginDDT_002.java:38)
... Removed 28 stack frames]]>
    </failure>
  </testcase> <!-- loginTest -->
  <testcase classname="com.hybdrivenframeworkexampleV1.testcases.TC_loginDDT_002" name="loginTest" time="7.11">
    <failure type="java.lang.AssertionError" message="expected [true] but found [false]">
      <![CDATA[java.lang.AssertionError: expected [true] but found [false]
	at com.hybdrivenframeworkexampleV1.testcases.TC_loginDDT_002.loginTest(TC_loginDDT_002.java:38)
... Removed 28 stack frames]]>
    </failure>
  </testcase> <!-- loginTest -->
  <testcase classname="com.hybdrivenframeworkexampleV1.testcases.TC_loginDDT_002" name="loginTest" time="7.103">
    <failure type="java.lang.AssertionError" message="expected [true] but found [false]">
      <![CDATA[java.lang.AssertionError: expected [true] but found [false]
	at com.hybdrivenframeworkexampleV1.testcases.TC_loginDDT_002.loginTest(TC_loginDDT_002.java:38)
... Removed 28 stack frames]]>
    </failure>
  </testcase> <!-- loginTest -->
  <testcase classname="com.hybdrivenframeworkexampleV1.testcases.TC_loginDDT_002" name="loginTest" time="7.001">
    <failure type="java.lang.AssertionError" message="expected [true] but found [false]">
      <![CDATA[java.lang.AssertionError: expected [true] but found [false]
	at com.hybdrivenframeworkexampleV1.testcases.TC_loginDDT_002.loginTest(TC_loginDDT_002.java:38)
... Removed 28 stack frames]]>
    </failure>
  </testcase> <!-- loginTest -->
  <testcase classname="com.hybdrivenframeworkexampleV1.testcases.TC_loginDDT_002" name="loginTest" time="7.188">
    <failure type="java.lang.AssertionError" message="expected [true] but found [false]">
      <![CDATA[java.lang.AssertionError: expected [true] but found [false]
	at com.hybdrivenframeworkexampleV1.testcases.TC_loginDDT_002.loginTest(TC_loginDDT_002.java:38)
... Removed 28 stack frames]]>
    </failure>
  </testcase> <!-- loginTest -->
  <testcase classname="com.hybdrivenframeworkexampleV1.testcases.TC_loginDDT_002" name="loginTest" time="7.427">
    <failure type="java.lang.AssertionError" message="expected [true] but found [false]">
      <![CDATA[java.lang.AssertionError: expected [true] but found [false]
	at com.hybdrivenframeworkexampleV1.testcases.TC_loginDDT_002.loginTest(TC_loginDDT_002.java:38)
... Removed 28 stack frames]]>
    </failure>
  </testcase> <!-- loginTest -->
  <testcase classname="com.hybdrivenframeworkexampleV1.testcases.TC_loginDDT_002" name="loginTest" time="7.072">
    <failure type="java.lang.AssertionError" message="expected [true] but found [false]">
      <![CDATA[java.lang.AssertionError: expected [true] but found [false]
	at com.hybdrivenframeworkexampleV1.testcases.TC_loginDDT_002.loginTest(TC_loginDDT_002.java:38)
... Removed 28 stack frames]]>
    </failure>
  </testcase> <!-- loginTest -->
</testsuite> <!-- Test2 -->
