<?xml version="1.0" encoding="UTF-8"?>
<!-- Generated by org.testng.reporters.JUnitXMLReporter -->
<testsuite hostname="DESKTOP-AN1HL9O" failures="12" tests="13" name="Test1" time="144.209" errors="0" timestamp="2 Aug 2020 10:34:18 GMT">
  <testcase classname="com.hybdrivenframeworkexampleV1.testcases.TC_HybDrivenFrameworkExampleV1_001" name="loginTest" time="10.884">
    <failure type="java.lang.AssertionError" message="expected [true] but found [false]">
      <![CDATA[java.lang.AssertionError: expected [true] but found [false]
	at com.hybdrivenframeworkexampleV1.testcases.TC_HybDrivenFrameworkExampleV1_001.loginTest(TC_HybDrivenFrameworkExampleV1_001.java:36)
... Removed 29 stack frames]]>
    </failure>
  </testcase> <!-- loginTest -->
  <testcase classname="com.hybdrivenframeworkexampleV1.testcases.TC_loginDDT_002" name="loginTest" time="22.284"/>
  <testcase classname="com.hybdrivenframeworkexampleV1.testcases.TC_loginDDT_002" name="loginTest" time="9.161">
    <failure type="java.lang.AssertionError" message="expected [true] but found [false]">
      <![CDATA[java.lang.AssertionError: expected [true] but found [false]
	at com.hybdrivenframeworkexampleV1.testcases.TC_loginDDT_002.loginTest(TC_loginDDT_002.java:38)
... Removed 29 stack frames]]>
    </failure>
  </testcase> <!-- loginTest -->
  <testcase classname="com.hybdrivenframeworkexampleV1.testcases.TC_loginDDT_002" name="loginTest" time="7.95">
    <failure type="java.lang.AssertionError" message="expected [true] but found [false]">
      <![CDATA[java.lang.AssertionError: expected [true] but found [false]
	at com.hybdrivenframeworkexampleV1.testcases.TC_loginDDT_002.loginTest(TC_loginDDT_002.java:38)
... Removed 29 stack frames]]>
    </failure>
  </testcase> <!-- loginTest -->
  <testcase classname="com.hybdrivenframeworkexampleV1.testcases.TC_loginDDT_002" name="loginTest" time="7.901">
    <failure type="java.lang.AssertionError" message="expected [true] but found [false]">
      <![CDATA[java.lang.AssertionError: expected [true] but found [false]
	at com.hybdrivenframeworkexampleV1.testcases.TC_loginDDT_002.loginTest(TC_loginDDT_002.java:38)
... Removed 29 stack frames]]>
    </failure>
  </testcase> <!-- loginTest -->
  <testcase classname="com.hybdrivenframeworkexampleV1.testcases.TC_loginDDT_002" name="loginTest" time="6.987">
    <failure type="java.lang.AssertionError" message="expected [true] but found [false]">
      <![CDATA[java.lang.AssertionError: expected [true] but found [false]
	at com.hybdrivenframeworkexampleV1.testcases.TC_loginDDT_002.loginTest(TC_loginDDT_002.java:38)
... Removed 29 stack frames]]>
    </failure>
  </testcase> <!-- loginTest -->
  <testcase classname="com.hybdrivenframeworkexampleV1.testcases.TC_loginDDT_002" name="loginTest" time="9.9">
    <failure type="java.lang.AssertionError" message="expected [true] but found [false]">
      <![CDATA[java.lang.AssertionError: expected [true] but found [false]
	at com.hybdrivenframeworkexampleV1.testcases.TC_loginDDT_002.loginTest(TC_loginDDT_002.java:38)
... Removed 29 stack frames]]>
    </failure>
  </testcase> <!-- loginTest -->
  <testcase classname="com.hybdrivenframeworkexampleV1.testcases.TC_loginDDT_002" name="loginTest" time="7.915">
    <failure type="java.lang.AssertionError" message="expected [true] but found [false]">
      <![CDATA[java.lang.AssertionError: expected [true] but found [false]
	at com.hybdrivenframeworkexampleV1.testcases.TC_loginDDT_002.loginTest(TC_loginDDT_002.java:38)
... Removed 29 stack frames]]>
    </failure>
  </testcase> <!-- loginTest -->
  <testcase classname="com.hybdrivenframeworkexampleV1.testcases.TC_loginDDT_002" name="loginTest" time="7.277">
    <failure type="java.lang.AssertionError" message="expected [true] but found [false]">
      <![CDATA[java.lang.AssertionError: expected [true] but found [false]
	at com.hybdrivenframeworkexampleV1.testcases.TC_loginDDT_002.loginTest(TC_loginDDT_002.java:38)
... Removed 29 stack frames]]>
    </failure>
  </testcase> <!-- loginTest -->
  <testcase classname="com.hybdrivenframeworkexampleV1.testcases.TC_loginDDT_002" name="loginTest" time="7.161">
    <failure type="java.lang.AssertionError" message="expected [true] but found [false]">
      <![CDATA[java.lang.AssertionError: expected [true] but found [false]
	at com.hybdrivenframeworkexampleV1.testcases.TC_loginDDT_002.loginTest(TC_loginDDT_002.java:38)
... Removed 29 stack frames]]>
    </failure>
  </testcase> <!-- loginTest -->
  <testcase classname="com.hybdrivenframeworkexampleV1.testcases.TC_loginDDT_002" name="loginTest" time="7.13">
    <failure type="java.lang.AssertionError" message="expected [true] but found [false]">
      <![CDATA[java.lang.AssertionError: expected [true] but found [false]
	at com.hybdrivenframeworkexampleV1.testcases.TC_loginDDT_002.loginTest(TC_loginDDT_002.java:38)
... Removed 29 stack frames]]>
    </failure>
  </testcase> <!-- loginTest -->
  <testcase classname="com.hybdrivenframeworkexampleV1.testcases.TC_loginDDT_002" name="loginTest" time="6.874">
    <failure type="java.lang.AssertionError" message="expected [true] but found [false]">
      <![CDATA[java.lang.AssertionError: expected [true] but found [false]
	at com.hybdrivenframeworkexampleV1.testcases.TC_loginDDT_002.loginTest(TC_loginDDT_002.java:38)
... Removed 29 stack frames]]>
    </failure>
  </testcase> <!-- loginTest -->
  <testcase classname="com.hybdrivenframeworkexampleV1.testcases.TC_loginDDT_002" name="loginTest" time="7.909">
    <failure type="java.lang.AssertionError" message="expected [true] but found [false]">
      <![CDATA[java.lang.AssertionError: expected [true] but found [false]
	at com.hybdrivenframeworkexampleV1.testcases.TC_loginDDT_002.loginTest(TC_loginDDT_002.java:38)
... Removed 29 stack frames]]>
    </failure>
  </testcase> <!-- loginTest -->
</testsuite> <!-- Test1 -->
